{"C:\\Users\\kylia\\Desktop\\realtime-elo-ranker\\apps\\realtime-elo-ranker-server\\src\\app.controller.ts": {"path":"C:\\Users\\kylia\\Desktop\\realtime-elo-ranker\\apps\\realtime-elo-ranker-server\\src\\app.controller.ts","statementMap":{"0":{"start":{"line":1,"column":0},"end":{"line":1,"column":49}},"1":{"start":{"line":2,"column":0},"end":{"line":2,"column":43}},"2":{"start":{"line":5,"column":7},"end":{"line":12,"column":null}},"3":{"start":{"line":6,"column":31},"end":{"line":6,"column":43}},"4":{"start":{"line":10,"column":4},"end":{"line":10,"column":38}},"5":{"start":{"line":5,"column":13},"end":{"line":5,"column":26}},"6":{"start":{"line":9,"column":2},"end":{"line":11,"column":null}},"7":{"start":{"line":5,"column":13},"end":{"line":12,"column":null}}},"fnMap":{"0":{"name":"(anonymous_2)","decl":{"start":{"line":6,"column":2},"end":{"line":6,"column":31}},"loc":{"start":{"line":6,"column":53},"end":{"line":6,"column":57}}},"1":{"name":"(anonymous_3)","decl":{"start":{"line":9,"column":2},"end":{"line":9,"column":10}},"loc":{"start":{"line":9,"column":10},"end":{"line":11,"column":3}}}},"branchMap":{},"s":{"0":1,"1":1,"2":1,"3":1,"4":1,"5":1,"6":1,"7":1},"f":{"0":1,"1":1},"b":{}}
,"C:\\Users\\kylia\\Desktop\\realtime-elo-ranker\\apps\\realtime-elo-ranker-server\\src\\app.module.ts": {"path":"C:\\Users\\kylia\\Desktop\\realtime-elo-ranker\\apps\\realtime-elo-ranker-server\\src\\app.module.ts","statementMap":{"0":{"start":{"line":1,"column":0},"end":{"line":1,"column":40}},"1":{"start":{"line":2,"column":0},"end":{"line":2,"column":59}},"2":{"start":{"line":3,"column":0},"end":{"line":3,"column":49}},"3":{"start":{"line":4,"column":0},"end":{"line":4,"column":43}},"4":{"start":{"line":5,"column":0},"end":{"line":5,"column":59}},"5":{"start":{"line":6,"column":0},"end":{"line":6,"column":57}},"6":{"start":{"line":7,"column":0},"end":{"line":7,"column":53}},"7":{"start":{"line":8,"column":0},"end":{"line":8,"column":54}},"8":{"start":{"line":15,"column":7},"end":{"line":15,"column":null}},"9":{"start":{"line":15,"column":13},"end":{"line":15,"column":22}},"10":{"start":{"line":15,"column":13},"end":{"line":15,"column":null}}},"fnMap":{},"branchMap":{},"s":{"0":0,"1":0,"2":0,"3":0,"4":0,"5":0,"6":0,"7":0,"8":0,"9":0,"10":0},"f":{},"b":{}}
,"C:\\Users\\kylia\\Desktop\\realtime-elo-ranker\\apps\\realtime-elo-ranker-server\\src\\app.service.ts": {"path":"C:\\Users\\kylia\\Desktop\\realtime-elo-ranker\\apps\\realtime-elo-ranker-server\\src\\app.service.ts","statementMap":{"0":{"start":{"line":1,"column":0},"end":{"line":1,"column":44}},"1":{"start":{"line":4,"column":7},"end":{"line":8,"column":null}},"2":{"start":{"line":6,"column":4},"end":{"line":6,"column":26}},"3":{"start":{"line":4,"column":13},"end":{"line":4,"column":23}},"4":{"start":{"line":4,"column":13},"end":{"line":8,"column":null}}},"fnMap":{"0":{"name":"(anonymous_1)","decl":{"start":{"line":5,"column":2},"end":{"line":5,"column":10}},"loc":{"start":{"line":5,"column":10},"end":{"line":7,"column":3}}}},"branchMap":{},"s":{"0":1,"1":1,"2":1,"3":1,"4":1},"f":{"0":1},"b":{}}
,"C:\\Users\\kylia\\Desktop\\realtime-elo-ranker\\apps\\realtime-elo-ranker-server\\src\\main.ts": {"path":"C:\\Users\\kylia\\Desktop\\realtime-elo-ranker\\apps\\realtime-elo-ranker-server\\src\\main.ts","statementMap":{"0":{"start":{"line":1,"column":0},"end":{"line":1,"column":43}},"1":{"start":{"line":2,"column":0},"end":{"line":2,"column":41}},"2":{"start":{"line":3,"column":0},"end":{"line":3,"column":33}},"3":{"start":{"line":5,"column":0},"end":{"line":5,"column":16}},"4":{"start":{"line":8,"column":14},"end":{"line":8,"column":49}},"5":{"start":{"line":9,"column":2},"end":{"line":9,"column":29}},"6":{"start":{"line":10,"column":2},"end":{"line":10,"column":19}},"7":{"start":{"line":11,"column":15},"end":{"line":11,"column":39}},"8":{"start":{"line":12,"column":2},"end":{"line":12,"column":48}},"9":{"start":{"line":13,"column":2},"end":{"line":13,"column":25}},"10":{"start":{"line":15,"column":0},"end":{"line":15,"column":12}}},"fnMap":{"0":{"name":"bootstrap","decl":{"start":{"line":7,"column":15},"end":{"line":7,"column":24}},"loc":{"start":{"line":7,"column":24},"end":{"line":14,"column":1}}}},"branchMap":{"0":{"loc":{"start":{"line":11,"column":15},"end":{"line":11,"column":39}},"type":"binary-expr","locations":[{"start":{"line":11,"column":15},"end":{"line":11,"column":31}},{"start":{"line":11,"column":35},"end":{"line":11,"column":39}}]}},"s":{"0":0,"1":0,"2":0,"3":0,"4":0,"5":0,"6":0,"7":0,"8":0,"9":0,"10":0},"f":{"0":0},"b":{"0":[0,0]}}
,"C:\\Users\\kylia\\Desktop\\realtime-elo-ranker\\apps\\realtime-elo-ranker-server\\src\\db\\database.module.ts": {"path":"C:\\Users\\kylia\\Desktop\\realtime-elo-ranker\\apps\\realtime-elo-ranker-server\\src\\db\\database.module.ts","statementMap":{"0":{"start":{"line":1,"column":0},"end":{"line":1,"column":40}},"1":{"start":{"line":2,"column":0},"end":{"line":2,"column":52}},"2":{"start":{"line":3,"column":0},"end":{"line":3,"column":58}},"3":{"start":{"line":19,"column":7},"end":{"line":19,"column":null}},"4":{"start":{"line":19,"column":13},"end":{"line":19,"column":27}},"5":{"start":{"line":19,"column":13},"end":{"line":19,"column":null}}},"fnMap":{},"branchMap":{},"s":{"0":0,"1":0,"2":0,"3":0,"4":0,"5":0},"f":{},"b":{}}
,"C:\\Users\\kylia\\Desktop\\realtime-elo-ranker\\apps\\realtime-elo-ranker-server\\src\\db\\models\\player.model.ts": {"path":"C:\\Users\\kylia\\Desktop\\realtime-elo-ranker\\apps\\realtime-elo-ranker-server\\src\\db\\models\\player.model.ts","statementMap":{"0":{"start":{"line":1,"column":0},"end":{"line":1,"column":70}},"1":{"start":{"line":4,"column":7},"end":{"line":18,"column":null}},"2":{"start":{"line":4,"column":13},"end":{"line":4,"column":19}},"3":{"start":{"line":10,"column":4},"end":{"line":10,"column":null}},"4":{"start":{"line":17,"column":4},"end":{"line":17,"column":null}},"5":{"start":{"line":4,"column":13},"end":{"line":18,"column":null}}},"fnMap":{},"branchMap":{},"s":{"0":6,"1":6,"2":6,"3":6,"4":6,"5":6},"f":{},"b":{}}
,"C:\\Users\\kylia\\Desktop\\realtime-elo-ranker\\apps\\realtime-elo-ranker-server\\src\\matchs\\match.dto.ts": {"path":"C:\\Users\\kylia\\Desktop\\realtime-elo-ranker\\apps\\realtime-elo-ranker-server\\src\\matchs\\match.dto.ts","statementMap":{"0":{"start":{"line":6,"column":8},"end":{"line":6,"column":29}},"1":{"start":{"line":7,"column":8},"end":{"line":7,"column":27}},"2":{"start":{"line":1,"column":0},"end":{"line":1,"column":13}}},"fnMap":{"0":{"name":"(anonymous_0)","decl":{"start":{"line":5,"column":4},"end":{"line":5,"column":16}},"loc":{"start":{"line":5,"column":45},"end":{"line":8,"column":5}}}},"branchMap":{},"s":{"0":3,"1":3,"2":1},"f":{"0":3},"b":{}}
,"C:\\Users\\kylia\\Desktop\\realtime-elo-ranker\\apps\\realtime-elo-ranker-server\\src\\matchs\\matchs.controller.ts": {"path":"C:\\Users\\kylia\\Desktop\\realtime-elo-ranker\\apps\\realtime-elo-ranker-server\\src\\matchs\\matchs.controller.ts","statementMap":{"0":{"start":{"line":1,"column":0},"end":{"line":1,"column":73}},"1":{"start":{"line":2,"column":0},"end":{"line":2,"column":39}},"2":{"start":{"line":4,"column":0},"end":{"line":4,"column":60}},"3":{"start":{"line":5,"column":0},"end":{"line":5,"column":49}},"4":{"start":{"line":8,"column":7},"end":{"line":51,"column":null}},"5":{"start":{"line":10,"column":27},"end":{"line":10,"column":43}},"6":{"start":{"line":11,"column":27},"end":{"line":11,"column":42}},"7":{"start":{"line":21,"column":4},"end":{"line":26,"column":5}},"8":{"start":{"line":22,"column":6},"end":{"line":25,"column":9}},"9":{"start":{"line":27,"column":24},"end":{"line":27,"column":61}},"10":{"start":{"line":28,"column":4},"end":{"line":33,"column":5}},"11":{"start":{"line":29,"column":6},"end":{"line":32,"column":9}},"12":{"start":{"line":34,"column":19},"end":{"line":34,"column":66}},"13":{"start":{"line":35,"column":18},"end":{"line":35,"column":64}},"14":{"start":{"line":36,"column":4},"end":{"line":41,"column":5}},"15":{"start":{"line":37,"column":6},"end":{"line":40,"column":9}},"16":{"start":{"line":42,"column":4},"end":{"line":42,"column":65}},"17":{"start":{"line":43,"column":36},"end":{"line":43,"column":130}},"18":{"start":{"line":45,"column":4},"end":{"line":48,"column":7}},"19":{"start":{"line":8,"column":13},"end":{"line":8,"column":29}},"20":{"start":{"line":20,"column":8},"end":{"line":50,"column":null}},"21":{"start":{"line":8,"column":13},"end":{"line":51,"column":null}}},"fnMap":{"0":{"name":"(anonymous_4)","decl":{"start":{"line":9,"column":6},"end":{"line":9,"column":null}},"loc":{"start":{"line":11,"column":55},"end":{"line":12,"column":10}}},"1":{"name":"(anonymous_5)","decl":{"start":{"line":20,"column":2},"end":{"line":20,"column":7}},"loc":{"start":{"line":20,"column":109},"end":{"line":50,"column":3}}}},"branchMap":{"0":{"loc":{"start":{"line":21,"column":4},"end":{"line":26,"column":5}},"type":"if","locations":[{"start":{"line":21,"column":4},"end":{"line":26,"column":5}}]},"1":{"loc":{"start":{"line":21,"column":8},"end":{"line":21,"column":105}},"type":"binary-expr","locations":[{"start":{"line":21,"column":8},"end":{"line":21,"column":20}},{"start":{"line":21,"column":24},"end":{"line":21,"column":35}},{"start":{"line":21,"column":39},"end":{"line":21,"column":57}},{"start":{"line":21,"column":61},"end":{"line":21,"column":78}},{"start":{"line":21,"column":82},"end":{"line":21,"column":105}}]},"2":{"loc":{"start":{"line":28,"column":4},"end":{"line":33,"column":5}},"type":"if","locations":[{"start":{"line":28,"column":4},"end":{"line":33,"column":5}}]},"3":{"loc":{"start":{"line":36,"column":4},"end":{"line":41,"column":5}},"type":"if","locations":[{"start":{"line":36,"column":4},"end":{"line":41,"column":5}}]},"4":{"loc":{"start":{"line":36,"column":8},"end":{"line":36,"column":25}},"type":"binary-expr","locations":[{"start":{"line":36,"column":8},"end":{"line":36,"column":15}},{"start":{"line":36,"column":19},"end":{"line":36,"column":25}}]}},"s":{"0":1,"1":1,"2":1,"3":1,"4":1,"5":5,"6":5,"7":4,"8":1,"9":3,"10":3,"11":1,"12":2,"13":2,"14":2,"15":1,"16":1,"17":1,"18":1,"19":1,"20":1,"21":1},"f":{"0":5,"1":4},"b":{"0":[1],"1":[4,3,3,3,3],"2":[1],"3":[1],"4":[2,1]}}
,"C:\\Users\\kylia\\Desktop\\realtime-elo-ranker\\apps\\realtime-elo-ranker-server\\src\\matchs\\matchs.module.ts": {"path":"C:\\Users\\kylia\\Desktop\\realtime-elo-ranker\\apps\\realtime-elo-ranker-server\\src\\matchs\\matchs.module.ts","statementMap":{"0":{"start":{"line":1,"column":0},"end":{"line":1,"column":40}},"1":{"start":{"line":2,"column":0},"end":{"line":2,"column":49}},"2":{"start":{"line":3,"column":0},"end":{"line":3,"column":55}},"3":{"start":{"line":4,"column":0},"end":{"line":4,"column":59}},"4":{"start":{"line":12,"column":7},"end":{"line":12,"column":null}},"5":{"start":{"line":12,"column":13},"end":{"line":12,"column":24}},"6":{"start":{"line":12,"column":13},"end":{"line":12,"column":null}}},"fnMap":{},"branchMap":{},"s":{"0":0,"1":0,"2":0,"3":0,"4":0,"5":0,"6":0},"f":{},"b":{}}
,"C:\\Users\\kylia\\Desktop\\realtime-elo-ranker\\apps\\realtime-elo-ranker-server\\src\\matchs\\matchs.service.ts": {"path":"C:\\Users\\kylia\\Desktop\\realtime-elo-ranker\\apps\\realtime-elo-ranker-server\\src\\matchs\\matchs.service.ts","statementMap":{"0":{"start":{"line":1,"column":0},"end":{"line":1,"column":44}},"1":{"start":{"line":2,"column":0},"end":{"line":2,"column":48}},"2":{"start":{"line":3,"column":0},"end":{"line":3,"column":51}},"3":{"start":{"line":4,"column":0},"end":{"line":4,"column":72}},"4":{"start":{"line":5,"column":0},"end":{"line":5,"column":50}},"5":{"start":{"line":6,"column":0},"end":{"line":6,"column":54}},"6":{"start":{"line":9,"column":7},"end":{"line":62,"column":null}},"7":{"start":{"line":14,"column":33},"end":{"line":14,"column":59}},"8":{"start":{"line":15,"column":12},"end":{"line":15,"column":26}},"9":{"start":{"line":10,"column":19},"end":{"line":10,"column":33}},"10":{"start":{"line":11,"column":10},"end":{"line":11,"column":85}},"11":{"start":{"line":19,"column":19},"end":{"line":19,"column":60}},"12":{"start":{"line":20,"column":18},"end":{"line":20,"column":58}},"13":{"start":{"line":22,"column":4},"end":{"line":24,"column":5}},"14":{"start":{"line":23,"column":6},"end":{"line":23,"column":44}},"15":{"start":{"line":26,"column":23},"end":{"line":26,"column":34}},"16":{"start":{"line":27,"column":22},"end":{"line":27,"column":32}},"17":{"start":{"line":29,"column":30},"end":{"line":29,"column":84}},"18":{"start":{"line":30,"column":29},"end":{"line":30,"column":50}},"19":{"start":{"line":32,"column":24},"end":{"line":32,"column":34}},"20":{"start":{"line":33,"column":23},"end":{"line":33,"column":32}},"21":{"start":{"line":35,"column":4},"end":{"line":43,"column":5}},"22":{"start":{"line":37,"column":6},"end":{"line":37,"column":89}},"23":{"start":{"line":38,"column":6},"end":{"line":38,"column":86}},"24":{"start":{"line":41,"column":6},"end":{"line":41,"column":87}},"25":{"start":{"line":42,"column":6},"end":{"line":42,"column":84}},"26":{"start":{"line":45,"column":4},"end":{"line":45,"column":49}},"27":{"start":{"line":46,"column":4},"end":{"line":46,"column":47}},"28":{"start":{"line":48,"column":33},"end":{"line":48,"column":61}},"29":{"start":{"line":49,"column":32},"end":{"line":49,"column":59}},"30":{"start":{"line":52,"column":4},"end":{"line":52,"column":57}},"31":{"start":{"line":54,"column":4},"end":{"line":54,"column":59}},"32":{"start":{"line":55,"column":4},"end":{"line":56,"column":61}},"33":{"start":{"line":57,"column":4},"end":{"line":58,"column":59}},"34":{"start":{"line":60,"column":4},"end":{"line":60,"column":35}},"35":{"start":{"line":9,"column":13},"end":{"line":9,"column":26}},"36":{"start":{"line":9,"column":13},"end":{"line":62,"column":null}}},"fnMap":{"0":{"name":"(anonymous_4)","decl":{"start":{"line":13,"column":2},"end":{"line":13,"column":null}},"loc":{"start":{"line":15,"column":39},"end":{"line":16,"column":6}}},"1":{"name":"(anonymous_5)","decl":{"start":{"line":18,"column":2},"end":{"line":18,"column":7}},"loc":{"start":{"line":18,"column":76},"end":{"line":61,"column":3}}}},"branchMap":{"0":{"loc":{"start":{"line":22,"column":4},"end":{"line":24,"column":5}},"type":"if","locations":[{"start":{"line":22,"column":4},"end":{"line":24,"column":5}}]},"1":{"loc":{"start":{"line":22,"column":8},"end":{"line":22,"column":25}},"type":"binary-expr","locations":[{"start":{"line":22,"column":8},"end":{"line":22,"column":15}},{"start":{"line":22,"column":19},"end":{"line":22,"column":25}}]},"2":{"loc":{"start":{"line":35,"column":4},"end":{"line":43,"column":5}},"type":"if","locations":[{"start":{"line":35,"column":4},"end":{"line":43,"column":5}},{"start":{"line":39,"column":11},"end":{"line":43,"column":5}}]}},"s":{"0":2,"1":2,"2":2,"3":2,"4":2,"5":2,"6":2,"7":4,"8":4,"9":4,"10":4,"11":3,"12":3,"13":3,"14":1,"15":2,"16":2,"17":2,"18":2,"19":2,"20":2,"21":2,"22":0,"23":0,"24":2,"25":2,"26":2,"27":2,"28":2,"29":2,"30":2,"31":2,"32":2,"33":2,"34":2,"35":2,"36":2},"f":{"0":4,"1":3},"b":{"0":[1],"1":[3,2],"2":[0,2]}}
,"C:\\Users\\kylia\\Desktop\\realtime-elo-ranker\\apps\\realtime-elo-ranker-server\\src\\players\\player.dto.ts": {"path":"C:\\Users\\kylia\\Desktop\\realtime-elo-ranker\\apps\\realtime-elo-ranker-server\\src\\players\\player.dto.ts","statementMap":{"0":{"start":{"line":8,"column":26},"end":{"line":8,"column":41}},"1":{"start":{"line":9,"column":8},"end":{"line":9,"column":33}},"2":{"start":{"line":10,"column":8},"end":{"line":10,"column":37}},"3":{"start":{"line":11,"column":8},"end":{"line":11,"column":25}},"4":{"start":{"line":15,"column":26},"end":{"line":15,"column":41}},"5":{"start":{"line":16,"column":8},"end":{"line":16,"column":26}},"6":{"start":{"line":17,"column":8},"end":{"line":17,"column":30}},"7":{"start":{"line":18,"column":8},"end":{"line":18,"column":25}},"8":{"start":{"line":3,"column":0},"end":{"line":3,"column":13}}},"fnMap":{"0":{"name":"(anonymous_0)","decl":{"start":{"line":7,"column":4},"end":{"line":7,"column":10}},"loc":{"start":{"line":7,"column":36},"end":{"line":12,"column":5}}},"1":{"name":"(anonymous_1)","decl":{"start":{"line":14,"column":4},"end":{"line":14,"column":10}},"loc":{"start":{"line":14,"column":48},"end":{"line":19,"column":5}}}},"branchMap":{},"s":{"0":10,"1":10,"2":10,"3":10,"4":5,"5":5,"6":5,"7":5,"8":6},"f":{"0":10,"1":5},"b":{}}
,"C:\\Users\\kylia\\Desktop\\realtime-elo-ranker\\apps\\realtime-elo-ranker-server\\src\\players\\players.controller.ts": {"path":"C:\\Users\\kylia\\Desktop\\realtime-elo-ranker\\apps\\realtime-elo-ranker-server\\src\\players\\players.controller.ts","statementMap":{"0":{"start":{"line":1,"column":0},"end":{"line":1,"column":73}},"1":{"start":{"line":3,"column":0},"end":{"line":3,"column":51}},"2":{"start":{"line":6,"column":7},"end":{"line":34,"column":null}},"3":{"start":{"line":8,"column":25},"end":{"line":8,"column":41}},"4":{"start":{"line":13,"column":23},"end":{"line":13,"column":27}},"5":{"start":{"line":14,"column":8},"end":{"line":20,"column":9}},"6":{"start":{"line":15,"column":12},"end":{"line":19,"column":15}},"7":{"start":{"line":21,"column":29},"end":{"line":21,"column":66}},"8":{"start":{"line":22,"column":8},"end":{"line":28,"column":9}},"9":{"start":{"line":23,"column":12},"end":{"line":27,"column":15}},"10":{"start":{"line":29,"column":31},"end":{"line":29,"column":67}},"11":{"start":{"line":30,"column":8},"end":{"line":32,"column":13}},"12":{"start":{"line":6,"column":13},"end":{"line":6,"column":30}},"13":{"start":{"line":12,"column":10},"end":{"line":33,"column":null}},"14":{"start":{"line":6,"column":13},"end":{"line":34,"column":null}}},"fnMap":{"0":{"name":"(anonymous_4)","decl":{"start":{"line":7,"column":4},"end":{"line":7,"column":null}},"loc":{"start":{"line":8,"column":55},"end":{"line":9,"column":8}}},"1":{"name":"(anonymous_5)","decl":{"start":{"line":12,"column":4},"end":{"line":12,"column":9}},"loc":{"start":{"line":12,"column":74},"end":{"line":33,"column":5}}}},"branchMap":{"0":{"loc":{"start":{"line":14,"column":8},"end":{"line":20,"column":9}},"type":"if","locations":[{"start":{"line":14,"column":8},"end":{"line":20,"column":9}}]},"1":{"loc":{"start":{"line":14,"column":12},"end":{"line":14,"column":28}},"type":"binary-expr","locations":[{"start":{"line":14,"column":12},"end":{"line":14,"column":15}},{"start":{"line":14,"column":19},"end":{"line":14,"column":28}}]},"2":{"loc":{"start":{"line":22,"column":8},"end":{"line":28,"column":9}},"type":"if","locations":[{"start":{"line":22,"column":8},"end":{"line":28,"column":9}}]}},"s":{"0":1,"1":1,"2":1,"3":4,"4":3,"5":3,"6":1,"7":2,"8":2,"9":1,"10":1,"11":1,"12":1,"13":1,"14":1},"f":{"0":4,"1":3},"b":{"0":[1],"1":[3,2],"2":[1]}}
,"C:\\Users\\kylia\\Desktop\\realtime-elo-ranker\\apps\\realtime-elo-ranker-server\\src\\players\\players.module.ts": {"path":"C:\\Users\\kylia\\Desktop\\realtime-elo-ranker\\apps\\realtime-elo-ranker-server\\src\\players\\players.module.ts","statementMap":{"0":{"start":{"line":1,"column":0},"end":{"line":1,"column":40}},"1":{"start":{"line":2,"column":0},"end":{"line":2,"column":52}},"2":{"start":{"line":3,"column":0},"end":{"line":3,"column":51}},"3":{"start":{"line":4,"column":0},"end":{"line":4,"column":51}},"4":{"start":{"line":5,"column":0},"end":{"line":5,"column":57}},"5":{"start":{"line":13,"column":7},"end":{"line":13,"column":null}},"6":{"start":{"line":13,"column":13},"end":{"line":13,"column":26}},"7":{"start":{"line":13,"column":13},"end":{"line":13,"column":null}}},"fnMap":{},"branchMap":{},"s":{"0":0,"1":0,"2":0,"3":0,"4":0,"5":0,"6":0,"7":0},"f":{},"b":{}}
,"C:\\Users\\kylia\\Desktop\\realtime-elo-ranker\\apps\\realtime-elo-ranker-server\\src\\players\\players.service.ts": {"path":"C:\\Users\\kylia\\Desktop\\realtime-elo-ranker\\apps\\realtime-elo-ranker-server\\src\\players\\players.service.ts","statementMap":{"0":{"start":{"line":1,"column":0},"end":{"line":1,"column":44}},"1":{"start":{"line":2,"column":0},"end":{"line":2,"column":48}},"2":{"start":{"line":3,"column":0},"end":{"line":3,"column":51}},"3":{"start":{"line":4,"column":0},"end":{"line":4,"column":41}},"4":{"start":{"line":5,"column":0},"end":{"line":5,"column":72}},"5":{"start":{"line":6,"column":0},"end":{"line":6,"column":54}},"6":{"start":{"line":9,"column":9},"end":{"line":51,"column":null}},"7":{"start":{"line":10,"column":45},"end":{"line":10,"column":71}},"8":{"start":{"line":11,"column":14},"end":{"line":11,"column":28}},"9":{"start":{"line":15,"column":19},"end":{"line":15,"column":55}},"10":{"start":{"line":16,"column":6},"end":{"line":24,"column":7}},"11":{"start":{"line":17,"column":23},"end":{"line":17,"column":66}},"12":{"start":{"line":18,"column":8},"end":{"line":18,"column":66}},"13":{"start":{"line":19,"column":8},"end":{"line":19,"column":99}},"14":{"start":{"line":20,"column":8},"end":{"line":20,"column":44}},"15":{"start":{"line":22,"column":8},"end":{"line":22,"column":27}},"16":{"start":{"line":23,"column":8},"end":{"line":23,"column":20}},"17":{"start":{"line":29,"column":22},"end":{"line":29,"column":54}},"18":{"start":{"line":30,"column":6},"end":{"line":30,"column":67}},"19":{"start":{"line":30,"column":37},"end":{"line":30,"column":65}},"20":{"start":{"line":35,"column":6},"end":{"line":40,"column":9}},"21":{"start":{"line":36,"column":8},"end":{"line":38,"column":9}},"22":{"start":{"line":37,"column":10},"end":{"line":37,"column":22}},"23":{"start":{"line":39,"column":8},"end":{"line":39,"column":44}},"24":{"start":{"line":44,"column":22},"end":{"line":44,"column":54}},"25":{"start":{"line":45,"column":6},"end":{"line":47,"column":7}},"26":{"start":{"line":46,"column":8},"end":{"line":46,"column":20}},"27":{"start":{"line":48,"column":24},"end":{"line":48,"column":77}},"28":{"start":{"line":48,"column":56},"end":{"line":48,"column":73}},"29":{"start":{"line":49,"column":6},"end":{"line":49,"column":40}},"30":{"start":{"line":9,"column":15},"end":{"line":9,"column":29}},"31":{"start":{"line":9,"column":15},"end":{"line":51,"column":null}}},"fnMap":{"0":{"name":"(anonymous_4)","decl":{"start":{"line":10,"column":4},"end":{"line":10,"column":17}},"loc":{"start":{"line":11,"column":41},"end":{"line":12,"column":6}}},"1":{"name":"(anonymous_5)","decl":{"start":{"line":14,"column":4},"end":{"line":14,"column":9}},"loc":{"start":{"line":14,"column":27},"end":{"line":25,"column":5}}},"2":{"name":"(anonymous_6)","decl":{"start":{"line":28,"column":4},"end":{"line":28,"column":9}},"loc":{"start":{"line":28,"column":17},"end":{"line":31,"column":5}}},"3":{"name":"(anonymous_7)","decl":{"start":{"line":30,"column":25},"end":{"line":30,"column":26}},"loc":{"start":{"line":30,"column":37},"end":{"line":30,"column":65}}},"4":{"name":"(anonymous_8)","decl":{"start":{"line":34,"column":4},"end":{"line":34,"column":9}},"loc":{"start":{"line":34,"column":28},"end":{"line":41,"column":5}}},"5":{"name":"(anonymous_9)","decl":{"start":{"line":35,"column":48},"end":{"line":35,"column":49}},"loc":{"start":{"line":35,"column":59},"end":{"line":40,"column":7}}},"6":{"name":"(anonymous_10)","decl":{"start":{"line":43,"column":4},"end":{"line":43,"column":9}},"loc":{"start":{"line":43,"column":33},"end":{"line":50,"column":3}}},"7":{"name":"(anonymous_11)","decl":{"start":{"line":48,"column":39},"end":{"line":48,"column":40}},"loc":{"start":{"line":48,"column":56},"end":{"line":48,"column":73}}}},"branchMap":{"0":{"loc":{"start":{"line":36,"column":8},"end":{"line":38,"column":9}},"type":"if","locations":[{"start":{"line":36,"column":8},"end":{"line":38,"column":9}}]},"1":{"loc":{"start":{"line":45,"column":6},"end":{"line":47,"column":7}},"type":"if","locations":[{"start":{"line":45,"column":6},"end":{"line":47,"column":7}}]}},"s":{"0":3,"1":3,"2":3,"3":3,"4":3,"5":3,"6":3,"7":6,"8":6,"9":1,"10":1,"11":1,"12":1,"13":1,"14":1,"15":0,"16":0,"17":1,"18":1,"19":1,"20":2,"21":2,"22":1,"23":1,"24":2,"25":2,"26":0,"27":2,"28":2,"29":2,"30":3,"31":3},"f":{"0":6,"1":1,"2":1,"3":1,"4":2,"5":2,"6":2,"7":2},"b":{"0":[1],"1":[0]}}
,"C:\\Users\\kylia\\Desktop\\realtime-elo-ranker\\apps\\realtime-elo-ranker-server\\src\\rankings\\rankings.controller.ts": {"path":"C:\\Users\\kylia\\Desktop\\realtime-elo-ranker\\apps\\realtime-elo-ranker-server\\src\\rankings\\rankings.controller.ts","statementMap":{"0":{"start":{"line":1,"column":0},"end":{"line":1,"column":76}},"1":{"start":{"line":2,"column":0},"end":{"line":2,"column":53}},"2":{"start":{"line":5,"column":0},"end":{"line":5,"column":65}},"3":{"start":{"line":7,"column":0},"end":{"line":7,"column":49}},"4":{"start":{"line":10,"column":7},"end":{"line":49,"column":null}},"5":{"start":{"line":13,"column":25},"end":{"line":13,"column":41}},"6":{"start":{"line":14,"column":25},"end":{"line":14,"column":47}},"7":{"start":{"line":20,"column":36},"end":{"line":20,"column":87}},"8":{"start":{"line":22,"column":8},"end":{"line":28,"column":9}},"9":{"start":{"line":23,"column":12},"end":{"line":27,"column":15}},"10":{"start":{"line":29,"column":8},"end":{"line":29,"column":50}},"11":{"start":{"line":30,"column":8},"end":{"line":30,"column":null}},"12":{"start":{"line":36,"column":8},"end":{"line":36,"column":62}},"13":{"start":{"line":37,"column":8},"end":{"line":47,"column":10}},"14":{"start":{"line":38,"column":23},"end":{"line":46,"column":10}},"15":{"start":{"line":10,"column":13},"end":{"line":10,"column":31}},"16":{"start":{"line":19,"column":10},"end":{"line":31,"column":null}},"17":{"start":{"line":35,"column":4},"end":{"line":48,"column":null}},"18":{"start":{"line":10,"column":13},"end":{"line":49,"column":null}}},"fnMap":{"0":{"name":"(anonymous_4)","decl":{"start":{"line":12,"column":4},"end":{"line":12,"column":null}},"loc":{"start":{"line":14,"column":67},"end":{"line":15,"column":8}}},"1":{"name":"(anonymous_5)","decl":{"start":{"line":19,"column":4},"end":{"line":19,"column":9}},"loc":{"start":{"line":19,"column":41},"end":{"line":31,"column":5}}},"2":{"name":"(anonymous_6)","decl":{"start":{"line":35,"column":4},"end":{"line":35,"column":29}},"loc":{"start":{"line":35,"column":29},"end":{"line":48,"column":5}}},"3":{"name":"(anonymous_7)","decl":{"start":{"line":38,"column":12},"end":{"line":38,"column":13}},"loc":{"start":{"line":38,"column":23},"end":{"line":46,"column":10}}}},"branchMap":{"0":{"loc":{"start":{"line":22,"column":8},"end":{"line":28,"column":9}},"type":"if","locations":[{"start":{"line":22,"column":8},"end":{"line":28,"column":9}}]}},"s":{"0":1,"1":1,"2":1,"3":1,"4":1,"5":2,"6":2,"7":1,"8":1,"9":0,"10":1,"11":1,"12":0,"13":0,"14":0,"15":1,"16":1,"17":1,"18":1},"f":{"0":2,"1":1,"2":0,"3":0},"b":{"0":[0]}}
,"C:\\Users\\kylia\\Desktop\\realtime-elo-ranker\\apps\\realtime-elo-ranker-server\\src\\rankings\\rankings.events.service.ts": {"path":"C:\\Users\\kylia\\Desktop\\realtime-elo-ranker\\apps\\realtime-elo-ranker-server\\src\\rankings\\rankings.events.service.ts","statementMap":{"0":{"start":{"line":1,"column":0},"end":{"line":1,"column":44}},"1":{"start":{"line":2,"column":0},"end":{"line":2,"column":48}},"2":{"start":{"line":3,"column":0},"end":{"line":3,"column":31}},"3":{"start":{"line":4,"column":0},"end":{"line":4,"column":62}},"4":{"start":{"line":7,"column":7},"end":{"line":20,"column":null}},"5":{"start":{"line":8,"column":10},"end":{"line":8,"column":62}},"6":{"start":{"line":13,"column":4},"end":{"line":13,"column":54}},"7":{"start":{"line":14,"column":4},"end":{"line":14,"column":38}},"8":{"start":{"line":18,"column":4},"end":{"line":18,"column":46}},"9":{"start":{"line":7,"column":13},"end":{"line":7,"column":33}},"10":{"start":{"line":12,"column":2},"end":{"line":15,"column":null}},"11":{"start":{"line":7,"column":13},"end":{"line":20,"column":null}}},"fnMap":{"0":{"name":"(anonymous_2)","decl":{"start":{"line":7,"column":7},"end":{"line":7,"column":13}},"loc":{"start":{"line":7,"column":7},"end":{"line":20,"column":1}}},"1":{"name":"(anonymous_3)","decl":{"start":{"line":12,"column":2},"end":{"line":12,"column":22}},"loc":{"start":{"line":12,"column":51},"end":{"line":15,"column":3}}},"2":{"name":"(anonymous_4)","decl":{"start":{"line":17,"column":2},"end":{"line":17,"column":19}},"loc":{"start":{"line":17,"column":19},"end":{"line":19,"column":3}}}},"branchMap":{},"s":{"0":1,"1":1,"2":1,"3":1,"4":1,"5":0,"6":0,"7":0,"8":0,"9":1,"10":1,"11":1},"f":{"0":0,"1":0,"2":0},"b":{}}
,"C:\\Users\\kylia\\Desktop\\realtime-elo-ranker\\apps\\realtime-elo-ranker-server\\src\\rankings\\rankings.module.ts": {"path":"C:\\Users\\kylia\\Desktop\\realtime-elo-ranker\\apps\\realtime-elo-ranker-server\\src\\rankings\\rankings.module.ts","statementMap":{"0":{"start":{"line":1,"column":0},"end":{"line":1,"column":40}},"1":{"start":{"line":2,"column":0},"end":{"line":2,"column":59}},"2":{"start":{"line":3,"column":0},"end":{"line":3,"column":53}},"3":{"start":{"line":4,"column":0},"end":{"line":4,"column":55}},"4":{"start":{"line":5,"column":0},"end":{"line":5,"column":52}},"5":{"start":{"line":6,"column":0},"end":{"line":6,"column":52}},"6":{"start":{"line":7,"column":0},"end":{"line":7,"column":65}},"7":{"start":{"line":15,"column":7},"end":{"line":15,"column":null}},"8":{"start":{"line":15,"column":13},"end":{"line":15,"column":26}},"9":{"start":{"line":15,"column":13},"end":{"line":15,"column":null}}},"fnMap":{},"branchMap":{},"s":{"0":0,"1":0,"2":0,"3":0,"4":0,"5":0,"6":0,"7":0,"8":0,"9":0},"f":{},"b":{}}
,"C:\\Users\\kylia\\Desktop\\realtime-elo-ranker\\apps\\realtime-elo-ranker-server\\src\\rankings\\rankings.service.ts": {"path":"C:\\Users\\kylia\\Desktop\\realtime-elo-ranker\\apps\\realtime-elo-ranker-server\\src\\rankings\\rankings.service.ts","statementMap":{"0":{"start":{"line":1,"column":0},"end":{"line":1,"column":44}},"1":{"start":{"line":2,"column":0},"end":{"line":2,"column":48}},"2":{"start":{"line":3,"column":0},"end":{"line":3,"column":51}},"3":{"start":{"line":4,"column":0},"end":{"line":4,"column":50}},"4":{"start":{"line":7,"column":7},"end":{"line":20,"column":null}},"5":{"start":{"line":8,"column":45},"end":{"line":8,"column":71}},"6":{"start":{"line":11,"column":22},"end":{"line":13,"column":10}},"7":{"start":{"line":14,"column":8},"end":{"line":16,"column":9}},"8":{"start":{"line":15,"column":12},"end":{"line":15,"column":22}},"9":{"start":{"line":17,"column":8},"end":{"line":17,"column":58}},"10":{"start":{"line":17,"column":41},"end":{"line":17,"column":56}},"11":{"start":{"line":18,"column":8},"end":{"line":18,"column":69}},"12":{"start":{"line":18,"column":39},"end":{"line":18,"column":67}},"13":{"start":{"line":7,"column":13},"end":{"line":7,"column":28}},"14":{"start":{"line":7,"column":13},"end":{"line":20,"column":null}}},"fnMap":{"0":{"name":"(anonymous_4)","decl":{"start":{"line":8,"column":4},"end":{"line":8,"column":17}},"loc":{"start":{"line":8,"column":71},"end":{"line":8,"column":75}}},"1":{"name":"(anonymous_5)","decl":{"start":{"line":10,"column":4},"end":{"line":10,"column":9}},"loc":{"start":{"line":10,"column":33},"end":{"line":19,"column":5}}},"2":{"name":"(anonymous_6)","decl":{"start":{"line":17,"column":31},"end":{"line":17,"column":32}},"loc":{"start":{"line":17,"column":41},"end":{"line":17,"column":56}}},"3":{"name":"(anonymous_7)","decl":{"start":{"line":18,"column":27},"end":{"line":18,"column":28}},"loc":{"start":{"line":18,"column":39},"end":{"line":18,"column":67}}}},"branchMap":{"0":{"loc":{"start":{"line":14,"column":8},"end":{"line":16,"column":9}},"type":"if","locations":[{"start":{"line":14,"column":8},"end":{"line":16,"column":9}}]}},"s":{"0":2,"1":2,"2":2,"3":2,"4":2,"5":2,"6":1,"7":1,"8":0,"9":1,"10":4,"11":1,"12":3,"13":2,"14":2},"f":{"0":2,"1":1,"2":4,"3":3},"b":{"0":[0]}}
,"C:\\Users\\kylia\\Desktop\\realtime-elo-ranker\\apps\\realtime-elo-ranker-server\\src\\rankings\\updated-ranking-event.ts": {"path":"C:\\Users\\kylia\\Desktop\\realtime-elo-ranker\\apps\\realtime-elo-ranker-server\\src\\rankings\\updated-ranking-event.ts","statementMap":{"0":{"start":{"line":6,"column":8},"end":{"line":6,"column":21}},"1":{"start":{"line":7,"column":8},"end":{"line":7,"column":25}},"2":{"start":{"line":1,"column":0},"end":{"line":1,"column":13}}},"fnMap":{"0":{"name":"(anonymous_0)","decl":{"start":{"line":5,"column":4},"end":{"line":5,"column":16}},"loc":{"start":{"line":5,"column":40},"end":{"line":8,"column":5}}}},"branchMap":{},"s":{"0":5,"1":5,"2":5},"f":{"0":5},"b":{}}
}
