TN:
SF:src\app.controller.ts
FN:6,(anonymous_2)
FN:9,(anonymous_3)
FNF:2
FNH:2
FNDA:1,(anonymous_2)
FNDA:1,(anonymous_3)
DA:1,1
DA:2,1
DA:5,1
DA:6,1
DA:9,1
DA:10,1
LF:6
LH:6
BRF:0
BRH:0
end_of_record
TN:
SF:src\app.module.ts
FNF:0
FNH:0
DA:1,0
DA:2,0
DA:3,0
DA:4,0
DA:5,0
DA:6,0
DA:7,0
DA:8,0
DA:15,0
LF:9
LH:0
BRF:0
BRH:0
end_of_record
TN:
SF:src\app.service.ts
FN:5,(anonymous_1)
FNF:1
FNH:1
FNDA:1,(anonymous_1)
DA:1,1
DA:4,1
DA:6,1
LF:3
LH:3
BRF:0
BRH:0
end_of_record
TN:
SF:src\main.ts
FN:7,bootstrap
FNF:1
FNH:0
FNDA:0,bootstrap
DA:1,0
DA:2,0
DA:3,0
DA:5,0
DA:8,0
DA:9,0
DA:10,0
DA:11,0
DA:12,0
DA:13,0
DA:15,0
LF:11
LH:0
BRDA:11,0,0,0
BRDA:11,0,1,0
BRF:2
BRH:0
end_of_record
TN:
SF:src\db\database.module.ts
FNF:0
FNH:0
DA:1,0
DA:2,0
DA:3,0
DA:19,0
LF:4
LH:0
BRF:0
BRH:0
end_of_record
TN:
SF:src\db\models\player.model.ts
FNF:0
FNH:0
DA:1,6
DA:4,6
DA:10,6
DA:17,6
LF:4
LH:4
BRF:0
BRH:0
end_of_record
TN:
SF:src\matchs\match.dto.ts
FN:5,(anonymous_0)
FNF:1
FNH:1
FNDA:3,(anonymous_0)
DA:1,1
DA:6,3
DA:7,3
LF:3
LH:3
BRF:0
BRH:0
end_of_record
TN:
SF:src\matchs\matchs.controller.ts
FN:9,(anonymous_4)
FN:20,(anonymous_5)
FNF:2
FNH:2
FNDA:5,(anonymous_4)
FNDA:4,(anonymous_5)
DA:1,1
DA:2,1
DA:4,1
DA:5,1
DA:8,1
DA:10,5
DA:11,5
DA:20,1
DA:21,4
DA:22,1
DA:27,3
DA:28,3
DA:29,1
DA:34,2
DA:35,2
DA:36,2
DA:37,1
DA:42,1
DA:43,1
DA:45,1
LF:20
LH:20
BRDA:21,0,0,1
BRDA:21,1,0,4
BRDA:21,1,1,3
BRDA:21,1,2,3
BRDA:21,1,3,3
BRDA:21,1,4,3
BRDA:28,2,0,1
BRDA:36,3,0,1
BRDA:36,4,0,2
BRDA:36,4,1,1
BRF:10
BRH:10
end_of_record
TN:
SF:src\matchs\matchs.module.ts
FNF:0
FNH:0
DA:1,0
DA:2,0
DA:3,0
DA:4,0
DA:12,0
LF:5
LH:0
BRF:0
BRH:0
end_of_record
TN:
SF:src\matchs\matchs.service.ts
FN:13,(anonymous_4)
FN:18,(anonymous_5)
FNF:2
FNH:2
FNDA:4,(anonymous_4)
FNDA:3,(anonymous_5)
DA:1,2
DA:2,2
DA:3,2
DA:4,2
DA:5,2
DA:6,2
DA:9,2
DA:10,4
DA:11,4
DA:14,4
DA:15,4
DA:19,3
DA:20,3
DA:22,3
DA:23,1
DA:26,2
DA:27,2
DA:29,2
DA:30,2
DA:32,2
DA:33,2
DA:35,2
DA:37,0
DA:38,0
DA:41,2
DA:42,2
DA:45,2
DA:46,2
DA:48,2
DA:49,2
DA:52,2
DA:54,2
DA:55,2
DA:57,2
DA:60,2
LF:35
LH:33
BRDA:22,0,0,1
BRDA:22,1,0,3
BRDA:22,1,1,2
BRDA:35,2,0,0
BRDA:35,2,1,2
BRF:5
BRH:4
end_of_record
TN:
SF:src\players\player.dto.ts
FN:7,(anonymous_0)
FN:14,(anonymous_1)
FNF:2
FNH:2
FNDA:10,(anonymous_0)
FNDA:5,(anonymous_1)
DA:3,6
DA:8,10
DA:9,10
DA:10,10
DA:11,10
DA:15,5
DA:16,5
DA:17,5
DA:18,5
LF:9
LH:9
BRF:0
BRH:0
end_of_record
TN:
SF:src\players\players.controller.ts
FN:7,(anonymous_4)
FN:12,(anonymous_5)
FNF:2
FNH:2
FNDA:4,(anonymous_4)
FNDA:3,(anonymous_5)
DA:1,1
DA:3,1
DA:6,1
DA:8,4
DA:12,1
DA:13,3
DA:14,3
DA:15,1
DA:21,2
DA:22,2
DA:23,1
DA:29,1
DA:30,1
LF:13
LH:13
BRDA:14,0,0,1
BRDA:14,1,0,3
BRDA:14,1,1,2
BRDA:22,2,0,1
BRF:4
BRH:4
end_of_record
TN:
SF:src\players\players.module.ts
FNF:0
FNH:0
DA:1,0
DA:2,0
DA:3,0
DA:4,0
DA:5,0
DA:13,0
LF:6
LH:0
BRF:0
BRH:0
end_of_record
TN:
SF:src\players\players.service.ts
FN:10,(anonymous_4)
FN:14,(anonymous_5)
FN:28,(anonymous_6)
FN:30,(anonymous_7)
FN:34,(anonymous_8)
FN:35,(anonymous_9)
FN:43,(anonymous_10)
FN:48,(anonymous_11)
FNF:8
FNH:8
FNDA:6,(anonymous_4)
FNDA:1,(anonymous_5)
FNDA:1,(anonymous_6)
FNDA:1,(anonymous_7)
FNDA:2,(anonymous_8)
FNDA:2,(anonymous_9)
FNDA:2,(anonymous_10)
FNDA:2,(anonymous_11)
DA:1,3
DA:2,3
DA:3,3
DA:4,3
DA:5,3
DA:6,3
DA:9,3
DA:10,6
DA:11,6
DA:15,1
DA:16,1
DA:17,1
DA:18,1
DA:19,1
DA:20,1
DA:22,0
DA:23,0
DA:29,1
DA:30,1
DA:35,2
DA:36,2
DA:37,1
DA:39,1
DA:44,2
DA:45,2
DA:46,0
DA:48,2
DA:49,2
LF:28
LH:25
BRDA:36,0,0,1
BRDA:45,1,0,0
BRF:2
BRH:1
end_of_record
TN:
SF:src\rankings\rankings.controller.ts
FN:12,(anonymous_4)
FN:19,(anonymous_5)
FN:35,(anonymous_6)
FN:38,(anonymous_7)
FNF:4
FNH:2
FNDA:2,(anonymous_4)
FNDA:1,(anonymous_5)
FNDA:0,(anonymous_6)
FNDA:0,(anonymous_7)
DA:1,1
DA:2,1
DA:5,1
DA:7,1
DA:10,1
DA:13,2
DA:14,2
DA:19,1
DA:20,1
DA:22,1
DA:23,0
DA:29,1
DA:30,1
DA:35,1
DA:36,0
DA:37,0
DA:38,0
LF:17
LH:13
BRDA:22,0,0,0
BRF:1
BRH:0
end_of_record
TN:
SF:src\rankings\rankings.events.service.ts
FN:7,(anonymous_2)
FN:12,(anonymous_3)
FN:17,(anonymous_4)
FNF:3
FNH:0
FNDA:0,(anonymous_2)
FNDA:0,(anonymous_3)
FNDA:0,(anonymous_4)
DA:1,1
DA:2,1
DA:3,1
DA:4,1
DA:7,1
DA:8,0
DA:12,1
DA:13,0
DA:14,0
DA:18,0
LF:10
LH:6
BRF:0
BRH:0
end_of_record
TN:
SF:src\rankings\rankings.module.ts
FNF:0
FNH:0
DA:1,0
DA:2,0
DA:3,0
DA:4,0
DA:5,0
DA:6,0
DA:7,0
DA:15,0
LF:8
LH:0
BRF:0
BRH:0
end_of_record
TN:
SF:src\rankings\rankings.service.ts
FN:8,(anonymous_4)
FN:10,(anonymous_5)
FN:17,(anonymous_6)
FN:18,(anonymous_7)
FNF:4
FNH:4
FNDA:2,(anonymous_4)
FNDA:1,(anonymous_5)
FNDA:4,(anonymous_6)
FNDA:3,(anonymous_7)
DA:1,2
DA:2,2
DA:3,2
DA:4,2
DA:7,2
DA:8,2
DA:11,1
DA:14,1
DA:15,0
DA:17,4
DA:18,3
LF:11
LH:10
BRDA:14,0,0,0
BRF:1
BRH:0
end_of_record
TN:
SF:src\rankings\updated-ranking-event.ts
FN:5,(anonymous_0)
FNF:1
FNH:1
FNDA:5,(anonymous_0)
DA:1,5
DA:6,5
DA:7,5
LF:3
LH:3
BRF:0
BRH:0
end_of_record
